<?xml version="1.0" encoding="windows-1252" standalone="no"?>
<!DOCTYPE log SYSTEM "logger.dtd">
<log>
<record>
  <date>2016-11-26T16:02:14</date>
  <millis>1480183334737</millis>
  <sequence>0</sequence>
  <logger>org.uma.jmetal.util.JMetalLogger</logger>
  <level>INFO</level>
  <class>org.uma.jmetal.util.JMetalLogger</class>
  <method>configureLoggers</method>
  <thread>1</thread>
  <message>Loggers configured with null</message>
</record>
<record>
  <date>2016-11-26T16:02:14</date>
  <millis>1480183334789</millis>
  <sequence>1</sequence>
  <logger>org.uma.jmetal.util.JMetalLogger</logger>
  <level>INFO</level>
  <class>org.uma.jmetal.algorithm.multiobjective.nsgaiii.NSGAIII</class>
  <method>&lt;init&gt;</method>
  <thread>1</thread>
  <message>rpssize: 1820</message>
</record>
<record>
  <date>2016-11-26T16:02:15</date>
  <millis>1480183335894</millis>
  <sequence>2</sequence>
  <logger>org.uma.jmetal.util.JMetalLogger</logger>
  <level>INFO</level>
  <class>sisaJMetalMain.Main</class>
  <method>main</method>
  <thread>1</thread>
  <message>Total execution time: 414ms</message>
</record>
<record>
  <date>2016-11-26T16:02:15</date>
  <millis>1480183335986</millis>
  <sequence>3</sequence>
  <logger>org.uma.jmetal.util.JMetalLogger</logger>
  <level>INFO</level>
  <class>sisaJMetalMain.Main</class>
  <method>printFinalSolutionSet</method>
  <thread>1</thread>
  <message>Random seed: 1480183334658</message>
</record>
<record>
  <date>2016-11-26T16:02:15</date>
  <millis>1480183335991</millis>
  <sequence>4</sequence>
  <logger>org.uma.jmetal.util.JMetalLogger</logger>
  <level>INFO</level>
  <class>sisaJMetalMain.Main</class>
  <method>printFinalSolutionSet</method>
  <thread>1</thread>
  <message>Objectives values have been written to file FUN.tsv</message>
</record>
<record>
  <date>2016-11-26T16:02:15</date>
  <millis>1480183335994</millis>
  <sequence>5</sequence>
  <logger>org.uma.jmetal.util.JMetalLogger</logger>
  <level>INFO</level>
  <class>sisaJMetalMain.Main</class>
  <method>printFinalSolutionSet</method>
  <thread>1</thread>
  <message>Variables values have been written to file VAR.tsv</message>
</record>
</log>
